<?xml version="1.0" encoding="UTF-8"?>
<!-- Generated by org.testng.reporters.JUnitReportReporter -->
<testsuite hostname="WBOX24" failures="0" tests="1" name="CucumberBDD.CucumberBDD.AppTest" time="0.017" errors="0" timestamp="2024-03-08T16:40:09 IST" skipped="0">
  <testcase classname="CucumberBDD.CucumberBDD.AppTest" name="shouldAnswerWithTrue" time="0.017"/>
</testsuite> <!-- CucumberBDD.CucumberBDD.AppTest -->
